This file contains any messages produced by compilers while
running configure, to aid debugging if configure makes a mistake.

It was created by love configure HEAD, which was
generated by GNU Autoconf 2.69.  Invocation command line was

  $ ./configure --with-lua=lua

## --------- ##
## Platform. ##
## --------- ##

hostname = Cebion-Boss
uname -m = aarch64
uname -r = 5.15.90.1-microsoft-standard-WSL2
uname -s = Linux
uname -v = #1 SMP Fri Jan 27 02:56:13 UTC 2023

/usr/bin/uname -p = aarch64
/bin/uname -X     = unknown

/bin/arch              = aarch64
/usr/bin/arch -k       = unknown
/usr/convex/getsysinfo = unknown
/usr/bin/hostinfo      = unknown
/bin/machine           = unknown
/usr/bin/oslevel       = unknown
/bin/universe          = unknown

PATH: /usr/local/sbin
PATH: /usr/local/bin
PATH: /usr/sbin
PATH: /usr/bin
PATH: /sbin
PATH: /bin
PATH: /snap/bin


## ----------- ##
## Core tests. ##
## ----------- ##

configure:2807: checking for a BSD-compatible install
configure:2875: result: /usr/bin/install -c
configure:2886: checking whether build environment is sane
configure:2941: result: yes
configure:3090: checking for a thread-safe mkdir -p
configure:3129: result: /usr/bin/mkdir -p
configure:3136: checking for gawk
configure:3152: found /usr/bin/gawk
configure:3163: result: gawk
configure:3174: checking whether make sets $(MAKE)
configure:3196: result: yes
configure:3225: checking whether make supports nested variables
configure:3242: result: yes
configure:3331: checking whether UID '0' is supported by ustar format
configure:3334: result: yes
configure:3341: checking whether GID '0' is supported by ustar format
configure:3344: result: yes
configure:3352: checking how to create a ustar tar archive
configure:3363: tar --version
tar (GNU tar) 1.30
Copyright (C) 2017 Free Software Foundation, Inc.
License GPLv3+: GNU GPL version 3 or later <https://gnu.org/licenses/gpl.html>.
This is free software: you are free to change and redistribute it.
There is NO WARRANTY, to the extent permitted by law.

Written by John Gilmore and Jay Fenlason.
configure:3366: $? = 0
configure:3406: tardir=conftest.dir && eval tar --format=ustar -chf - "$tardir" >conftest.tar
configure:3409: $? = 0
configure:3413: tar -xf - <conftest.tar
configure:3416: $? = 0
configure:3418: cat conftest.dir/file
GrepMe
configure:3421: $? = 0
configure:3434: result: gnutar
configure:3495: checking whether make supports nested variables
configure:3512: result: yes
configure:3528: checking whether make supports the include directive
configure:3543: make -f confmf.GNU && cat confinc.out
this is the am__doit target
configure:3546: $? = 0
configure:3565: result: yes (GNU style)
configure:3635: checking for gcc
configure:3651: found /usr/bin/gcc
configure:3662: result: gcc
configure:3891: checking for C compiler version
configure:3900: gcc --version >&5
gcc (Ubuntu 9.4.0-1ubuntu1~20.04.1) 9.4.0
Copyright (C) 2019 Free Software Foundation, Inc.
This is free software; see the source for copying conditions.  There is NO
warranty; not even for MERCHANTABILITY or FITNESS FOR A PARTICULAR PURPOSE.

configure:3911: $? = 0
configure:3900: gcc -v >&5
Using built-in specs.
COLLECT_GCC=/usr/bin/gcc
COLLECT_LTO_WRAPPER=/usr/lib/gcc/aarch64-linux-gnu/9/lto-wrapper
Target: aarch64-linux-gnu
Configured with: ../src/configure -v --with-pkgversion='Ubuntu 9.4.0-1ubuntu1~20.04.1' --with-bugurl=file:///usr/share/doc/gcc-9/README.Bugs --enable-languages=c,ada,c++,go,d,fortran,objc,obj-c++,gm2 --prefix=/usr --with-gcc-major-version-only --program-suffix=-9 --program-prefix=aarch64-linux-gnu- --enable-shared --enable-linker-build-id --libexecdir=/usr/lib --without-included-gettext --enable-threads=posix --libdir=/usr/lib --enable-nls --enable-clocale=gnu --enable-libstdcxx-debug --enable-libstdcxx-time=yes --with-default-libstdcxx-abi=new --enable-gnu-unique-object --disable-libquadmath --disable-libquadmath-support --enable-plugin --enable-default-pie --with-system-zlib --with-target-system-zlib=auto --enable-objc-gc=auto --enable-multiarch --enable-fix-cortex-a53-843419 --disable-werror --enable-checking=release --build=aarch64-linux-gnu --host=aarch64-linux-gnu --target=aarch64-linux-gnu
Thread model: posix
gcc version 9.4.0 (Ubuntu 9.4.0-1ubuntu1~20.04.1) 
configure:3911: $? = 0
configure:3900: gcc -V >&5
gcc: error: unrecognized command line option '-V'
gcc: fatal error: no input files
compilation terminated.
configure:3911: $? = 1
configure:3900: gcc -qversion >&5
gcc: error: unrecognized command line option '-qversion'; did you mean '--version'?
gcc: fatal error: no input files
compilation terminated.
configure:3911: $? = 1
configure:3931: checking whether the C compiler works
configure:3953: gcc    conftest.c  >&5
configure:3957: $? = 0
configure:4005: result: yes
configure:4008: checking for C compiler default output file name
configure:4010: result: a.out
configure:4016: checking for suffix of executables
configure:4023: gcc -o conftest    conftest.c  >&5
configure:4027: $? = 0
configure:4049: result: 
configure:4071: checking whether we are cross compiling
configure:4079: gcc -o conftest    conftest.c  >&5
configure:4083: $? = 0
configure:4090: ./conftest
configure:4094: $? = 0
configure:4082: result: no
configure:4087: checking for suffix of object files
configure:4109: gcc -c   conftest.c >&5
configure:4113: $? = 0
configure:4134: result: o
configure:4138: checking whether we are using the GNU C compiler
configure:4157: gcc -c   conftest.c >&5
configure:4157: $? = 0
configure:4166: result: yes
configure:4175: checking whether gcc accepts -g
configure:4195: gcc -c -g  conftest.c >&5
configure:4195: $? = 0
configure:4236: result: yes
configure:4253: checking for gcc option to accept ISO C89
configure:4316: gcc  -c -g -O2  conftest.c >&5
configure:4316: $? = 0
configure:4329: result: none needed
configure:4354: checking whether gcc understands -c and -o together
configure:4376: gcc -c conftest.c -o conftest2.o
configure:4379: $? = 0
configure:4376: gcc -c conftest.c -o conftest2.o
configure:4379: $? = 0
configure:4391: result: yes
configure:4410: checking dependency style of gcc
configure:4521: result: gcc3
configure:4586: checking for ar
configure:4602: found /usr/bin/ar
configure:4613: result: ar
configure:4639: checking the archiver (ar) interface
configure:4655: gcc -c -g -O2  conftest.c >&5
configure:4655: $? = 0
configure:4657: ar cru libconftest.a conftest.o >&5
/usr/bin/ar: `u' modifier ignored since `D' is the default (see `U')
configure:4660: $? = 0
configure:4659: result: ar
configure:4708: checking build system type
configure:4722: result: aarch64-unknown-linux-gnu
configure:4742: checking host system type
configure:4755: result: aarch64-unknown-linux-gnu
configure:4796: checking how to print strings
configure:4823: result: printf
configure:4844: checking for a sed that does not truncate output
configure:4908: result: /usr/bin/sed
configure:4926: checking for grep that handles long lines and -e
configure:4984: result: /usr/bin/grep
configure:4989: checking for egrep
configure:5051: result: /usr/bin/grep -E
configure:5056: checking for fgrep
configure:5118: result: /usr/bin/grep -F
configure:5153: checking for ld used by gcc
configure:5220: result: /usr/bin/ld
configure:5227: checking if the linker (/usr/bin/ld) is GNU ld
configure:5242: result: yes
configure:5254: checking for BSD- or MS-compatible name lister (nm)
configure:5308: result: /usr/bin/nm -B
configure:5438: checking the name lister (/usr/bin/nm -B) interface
configure:5445: gcc -c -g -O2  conftest.c >&5
configure:5448: /usr/bin/nm -B "conftest.o"
configure:5451: output
0000000000000000 B some_variable
configure:5452: result: BSD nm
configure:5455: checking whether ln -s works
configure:5459: result: yes
configure:5467: checking the maximum length of command line arguments
configure:5598: result: 1572864
configure:5646: checking how to convert aarch64-unknown-linux-gnu file names to aarch64-unknown-linux-gnu format
configure:5686: result: func_convert_file_noop
configure:5693: checking how to convert aarch64-unknown-linux-gnu file names to toolchain format
configure:5713: result: func_convert_file_noop
configure:5720: checking for /usr/bin/ld option to reload object files
configure:5727: result: -r
configure:5801: checking for objdump
configure:5817: found /usr/bin/objdump
configure:5828: result: objdump
configure:5860: checking how to recognize dependent libraries
configure:6060: result: pass_all
configure:6145: checking for dlltool
configure:6175: result: no
configure:6205: checking how to associate runtime and link libraries
configure:6232: result: printf %s\n
configure:6356: checking for archiver @FILE support
configure:6373: gcc -c -g -O2  conftest.c >&5
configure:6373: $? = 0
configure:6376: ar cr libconftest.a @conftest.lst >&5
configure:6379: $? = 0
configure:6384: ar cr libconftest.a @conftest.lst >&5
/usr/bin/ar: conftest.o: No such file or directory
configure:6387: $? = 1
configure:6386: result: @
configure:6444: checking for strip
configure:6460: found /usr/bin/strip
configure:6471: result: strip
configure:6543: checking for ranlib
configure:6559: found /usr/bin/ranlib
configure:6570: result: ranlib
configure:6672: checking command to parse /usr/bin/nm -B output from gcc object
configure:6825: gcc -c -g -O2  conftest.c >&5
configure:6828: $? = 0
configure:6832: /usr/bin/nm -B conftest.o | sed -n -e 's/^.*[	 ]\([ABCDGIRSTW][ABCDGIRSTW]*\)[	 ][	 ]*\([_A-Za-z][_A-Za-z0-9]*\)$/\1 \2 \2/p' | sed '/ __gnu_lto/d' > conftest.nm
configure:6898: gcc -o conftest -g -O2   conftest.c conftstm.o >&5
configure:6901: $? = 0
configure:6939: result: ok
configure:6986: checking for sysroot
configure:7016: result: no
configure:7023: checking for a working dd
configure:7061: result: /usr/bin/dd
configure:7065: checking how to truncate binary pipes
configure:7080: result: /usr/bin/dd bs=4096 count=1
configure:7409: checking for mt
configure:7425: found /usr/bin/mt
configure:7436: result: mt
configure:7459: checking if mt is a manifest tool
configure:7465: mt '-?'
configure:7473: result: no
configure:8150: checking how to run the C preprocessor
configure:8181: gcc -E  conftest.c
configure:8181: $? = 0
configure:8195: gcc -E  conftest.c
conftest.c:11:10: fatal error: ac_nonexistent.h: No such file or directory
   11 | #include <ac_nonexistent.h>
      |          ^~~~~~~~~~~~~~~~~~
compilation terminated.
configure:8195: $? = 1
configure: failed program was:
| /* confdefs.h */
| #define PACKAGE_NAME "love"
| #define PACKAGE_TARNAME "love"
| #define PACKAGE_VERSION "HEAD"
| #define PACKAGE_STRING "love HEAD"
| #define PACKAGE_BUGREPORT ""
| #define PACKAGE_URL ""
| #define PACKAGE "love"
| #define VERSION "HEAD"
| /* end confdefs.h.  */
| #include <ac_nonexistent.h>
configure:8220: result: gcc -E
configure:8240: gcc -E  conftest.c
configure:8240: $? = 0
configure:8254: gcc -E  conftest.c
conftest.c:11:10: fatal error: ac_nonexistent.h: No such file or directory
   11 | #include <ac_nonexistent.h>
      |          ^~~~~~~~~~~~~~~~~~
compilation terminated.
configure:8254: $? = 1
configure: failed program was:
| /* confdefs.h */
| #define PACKAGE_NAME "love"
| #define PACKAGE_TARNAME "love"
| #define PACKAGE_VERSION "HEAD"
| #define PACKAGE_STRING "love HEAD"
| #define PACKAGE_BUGREPORT ""
| #define PACKAGE_URL ""
| #define PACKAGE "love"
| #define VERSION "HEAD"
| /* end confdefs.h.  */
| #include <ac_nonexistent.h>
configure:8283: checking for ANSI C header files
configure:8303: gcc -c -g -O2  conftest.c >&5
configure:8303: $? = 0
configure:8376: gcc -o conftest -g -O2   conftest.c  >&5
configure:8376: $? = 0
configure:8376: ./conftest
configure:8376: $? = 0
configure:8387: result: yes
configure:8400: checking for sys/types.h
configure:8400: gcc -c -g -O2  conftest.c >&5
configure:8400: $? = 0
configure:8400: result: yes
configure:8400: checking for sys/stat.h
configure:8400: gcc -c -g -O2  conftest.c >&5
configure:8400: $? = 0
configure:8400: result: yes
configure:8400: checking for stdlib.h
configure:8400: gcc -c -g -O2  conftest.c >&5
configure:8400: $? = 0
configure:8400: result: yes
configure:8400: checking for string.h
configure:8400: gcc -c -g -O2  conftest.c >&5
configure:8400: $? = 0
configure:8400: result: yes
configure:8400: checking for memory.h
configure:8400: gcc -c -g -O2  conftest.c >&5
configure:8400: $? = 0
configure:8400: result: yes
configure:8400: checking for strings.h
configure:8400: gcc -c -g -O2  conftest.c >&5
configure:8400: $? = 0
configure:8400: result: yes
configure:8400: checking for inttypes.h
configure:8400: gcc -c -g -O2  conftest.c >&5
configure:8400: $? = 0
configure:8400: result: yes
configure:8400: checking for stdint.h
configure:8400: gcc -c -g -O2  conftest.c >&5
configure:8400: $? = 0
configure:8400: result: yes
configure:8400: checking for unistd.h
configure:8400: gcc -c -g -O2  conftest.c >&5
configure:8400: $? = 0
configure:8400: result: yes
configure:8414: checking for dlfcn.h
configure:8414: gcc -c -g -O2  conftest.c >&5
configure:8414: $? = 0
configure:8414: result: yes
configure:8670: checking for objdir
configure:8685: result: .libs
configure:8949: checking if gcc supports -fno-rtti -fno-exceptions
configure:8967: gcc -c -g -O2  -fno-rtti -fno-exceptions conftest.c >&5
cc1: warning: command line option '-fno-rtti' is valid for C++/D/ObjC++ but not for C
configure:8971: $? = 0
configure:8984: result: no
configure:9348: checking for gcc option to produce PIC
configure:9355: result: -fPIC -DPIC
configure:9363: checking if gcc PIC flag -fPIC -DPIC works
configure:9381: gcc -c -g -O2  -fPIC -DPIC -DPIC conftest.c >&5
configure:9385: $? = 0
configure:9398: result: yes
configure:9427: checking if gcc static flag -static works
configure:9455: result: yes
configure:9470: checking if gcc supports -c -o file.o
configure:9491: gcc -c -g -O2  -o out/conftest2.o conftest.c >&5
configure:9495: $? = 0
configure:9517: result: yes
configure:9525: checking if gcc supports -c -o file.o
configure:9572: result: yes
configure:9605: checking whether the gcc linker (/usr/bin/ld) supports shared libraries
configure:10868: result: yes
configure:10905: checking whether -lc should be explicitly linked in
configure:10913: gcc -c -g -O2  conftest.c >&5
configure:10916: $? = 0
configure:10931: gcc -shared  -fPIC -DPIC conftest.o  -v -Wl,-soname -Wl,conftest -o conftest 2\>\&1 \| /usr/bin/grep  -lc  \>/dev/null 2\>\&1
configure:10934: $? = 0
configure:10948: result: no
configure:11108: checking dynamic linker characteristics
configure:11689: gcc -o conftest -g -O2   -Wl,-rpath -Wl,/foo conftest.c  >&5
configure:11689: $? = 0
configure:11938: result: GNU/Linux ld.so
configure:12060: checking how to hardcode library paths into programs
configure:12085: result: immediate
configure:12633: checking whether stripping libraries is possible
configure:12638: result: yes
configure:12673: checking if libtool supports shared libraries
configure:12675: result: yes
configure:12678: checking whether to build shared libraries
configure:12703: result: yes
configure:12706: checking whether to build static libraries
configure:12710: result: yes
configure:9571: checking for gcc
configure:9598: result: gcc
configure:9827: checking for C compiler version
configure:9836: gcc --version >&5
gcc (Ubuntu 9.4.0-1ubuntu1~20.04.1) 9.4.0
Copyright (C) 2019 Free Software Foundation, Inc.
This is free software; see the source for copying conditions.  There is NO
warranty; not even for MERCHANTABILITY or FITNESS FOR A PARTICULAR PURPOSE.

configure:9847: $? = 0
configure:9836: gcc -v >&5
Using built-in specs.
COLLECT_GCC=/usr/bin/gcc
COLLECT_LTO_WRAPPER=/usr/lib/gcc/aarch64-linux-gnu/9/lto-wrapper
Target: aarch64-linux-gnu
Configured with: ../src/configure -v --with-pkgversion='Ubuntu 9.4.0-1ubuntu1~20.04.1' --with-bugurl=file:///usr/share/doc/gcc-9/README.Bugs --enable-languages=c,ada,c++,go,d,fortran,objc,obj-c++,gm2 --prefix=/usr --with-gcc-major-version-only --program-suffix=-9 --program-prefix=aarch64-linux-gnu- --enable-shared --enable-linker-build-id --libexecdir=/usr/lib --without-included-gettext --enable-threads=posix --libdir=/usr/lib --enable-nls --enable-clocale=gnu --enable-libstdcxx-debug --enable-libstdcxx-time=yes --with-default-libstdcxx-abi=new --enable-gnu-unique-object --disable-libquadmath --disable-libquadmath-support --enable-plugin --enable-default-pie --with-system-zlib --with-target-system-zlib=auto --enable-objc-gc=auto --enable-multiarch --enable-fix-cortex-a53-843419 --disable-werror --enable-checking=release --build=aarch64-linux-gnu --host=aarch64-linux-gnu --target=aarch64-linux-gnu
Thread model: posix
gcc version 9.4.0 (Ubuntu 9.4.0-1ubuntu1~20.04.1) 
configure:9847: $? = 0
configure:9836: gcc -V >&5
gcc: error: unrecognized command line option '-V'
gcc: fatal error: no input files
compilation terminated.
configure:9847: $? = 1
configure:9836: gcc -qversion >&5
gcc: error: unrecognized command line option '-qversion'; did you mean '--version'?
gcc: fatal error: no input files
compilation terminated.
configure:9847: $? = 1
configure:9851: checking whether we are using the GNU C compiler
configure:9879: result: yes
configure:9888: checking whether gcc accepts -g
configure:9949: result: yes
configure:9966: checking for gcc option to accept ISO C89
configure:10042: result: none needed
configure:10067: checking whether gcc understands -c and -o together
configure:10104: result: yes
configure:10123: checking dependency style of gcc
configure:10234: result: gcc3
configure:10307: checking for g++
configure:10323: found /usr/bin/g++
configure:10334: result: g++
configure:10361: checking for C++ compiler version
configure:10370: g++ --version >&5
g++ (Ubuntu 9.4.0-1ubuntu1~20.04.1) 9.4.0
Copyright (C) 2019 Free Software Foundation, Inc.
This is free software; see the source for copying conditions.  There is NO
warranty; not even for MERCHANTABILITY or FITNESS FOR A PARTICULAR PURPOSE.

configure:10381: $? = 0
configure:10370: g++ -v >&5
Using built-in specs.
COLLECT_GCC=/usr/bin/g++
COLLECT_LTO_WRAPPER=/usr/lib/gcc/aarch64-linux-gnu/9/lto-wrapper
Target: aarch64-linux-gnu
Configured with: ../src/configure -v --with-pkgversion='Ubuntu 9.4.0-1ubuntu1~20.04.1' --with-bugurl=file:///usr/share/doc/gcc-9/README.Bugs --enable-languages=c,ada,c++,go,d,fortran,objc,obj-c++,gm2 --prefix=/usr --with-gcc-major-version-only --program-suffix=-9 --program-prefix=aarch64-linux-gnu- --enable-shared --enable-linker-build-id --libexecdir=/usr/lib --without-included-gettext --enable-threads=posix --libdir=/usr/lib --enable-nls --enable-clocale=gnu --enable-libstdcxx-debug --enable-libstdcxx-time=yes --with-default-libstdcxx-abi=new --enable-gnu-unique-object --disable-libquadmath --disable-libquadmath-support --enable-plugin --enable-default-pie --with-system-zlib --with-target-system-zlib=auto --enable-objc-gc=auto --enable-multiarch --enable-fix-cortex-a53-843419 --disable-werror --enable-checking=release --build=aarch64-linux-gnu --host=aarch64-linux-gnu --target=aarch64-linux-gnu
Thread model: posix
gcc version 9.4.0 (Ubuntu 9.4.0-1ubuntu1~20.04.1) 
configure:10381: $? = 0
configure:10370: g++ -V >&5
g++: error: unrecognized command line option '-V'
g++: fatal error: no input files
compilation terminated.
configure:10381: $? = 1
configure:10370: g++ -qversion >&5
g++: error: unrecognized command line option '-qversion'; did you mean '--version'?
g++: fatal error: no input files
compilation terminated.
configure:10381: $? = 1
configure:10385: checking whether we are using the GNU C++ compiler
configure:10404: g++ -c   conftest.cpp >&5
configure:10404: $? = 0
configure:10413: result: yes
configure:10422: checking whether g++ accepts -g
configure:10442: g++ -c -g  conftest.cpp >&5
configure:10442: $? = 0
configure:10483: result: yes
configure:10508: checking dependency style of g++
configure:10619: result: gcc3
configure:10652: checking how to run the C++ preprocessor
configure:10679: g++ -E  conftest.cpp
configure:10679: $? = 0
configure:10693: g++ -E  conftest.cpp
conftest.cpp:23:10: fatal error: ac_nonexistent.h: No such file or directory
   23 | #include <ac_nonexistent.h>
      |          ^~~~~~~~~~~~~~~~~~
compilation terminated.
configure:10693: $? = 1
configure: failed program was:
| /* confdefs.h */
| #define PACKAGE_NAME "love"
| #define PACKAGE_TARNAME "love"
| #define PACKAGE_VERSION "HEAD"
| #define PACKAGE_STRING "love HEAD"
| #define PACKAGE_BUGREPORT ""
| #define PACKAGE_URL ""
| #define PACKAGE "love"
| #define VERSION "HEAD"
| #define STDC_HEADERS 1
| #define HAVE_SYS_TYPES_H 1
| #define HAVE_SYS_STAT_H 1
| #define HAVE_STDLIB_H 1
| #define HAVE_STRING_H 1
| #define HAVE_MEMORY_H 1
| #define HAVE_STRINGS_H 1
| #define HAVE_INTTYPES_H 1
| #define HAVE_STDINT_H 1
| #define HAVE_UNISTD_H 1
| #define HAVE_DLFCN_H 1
| #define LT_OBJDIR ".libs/"
| /* end confdefs.h.  */
| #include <ac_nonexistent.h>
configure:10718: result: g++ -E
configure:10738: g++ -E  conftest.cpp
configure:10738: $? = 0
configure:10752: g++ -E  conftest.cpp
conftest.cpp:23:10: fatal error: ac_nonexistent.h: No such file or directory
   23 | #include <ac_nonexistent.h>
      |          ^~~~~~~~~~~~~~~~~~
compilation terminated.
configure:10752: $? = 1
configure: failed program was:
| /* confdefs.h */
| #define PACKAGE_NAME "love"
| #define PACKAGE_TARNAME "love"
| #define PACKAGE_VERSION "HEAD"
| #define PACKAGE_STRING "love HEAD"
| #define PACKAGE_BUGREPORT ""
| #define PACKAGE_URL ""
| #define PACKAGE "love"
| #define VERSION "HEAD"
| #define STDC_HEADERS 1
| #define HAVE_SYS_TYPES_H 1
| #define HAVE_SYS_STAT_H 1
| #define HAVE_STDLIB_H 1
| #define HAVE_STRING_H 1
| #define HAVE_MEMORY_H 1
| #define HAVE_STRINGS_H 1
| #define HAVE_INTTYPES_H 1
| #define HAVE_STDINT_H 1
| #define HAVE_UNISTD_H 1
| #define HAVE_DLFCN_H 1
| #define LT_OBJDIR ".libs/"
| /* end confdefs.h.  */
| #include <ac_nonexistent.h>
configure:10914: checking for ld used by g++
configure:10981: result: /usr/bin/ld
configure:10988: checking if the linker (/usr/bin/ld) is GNU ld
configure:11003: result: yes
configure:11058: checking whether the g++ linker (/usr/bin/ld) supports shared libraries
configure:12131: result: yes
configure:12167: g++ -c -g -O2  conftest.cpp >&5
configure:12170: $? = 0
configure:12651: checking for g++ option to produce PIC
configure:12658: result: -fPIC -DPIC
configure:12666: checking if g++ PIC flag -fPIC -DPIC works
configure:12684: g++ -c -g -O2  -fPIC -DPIC -DPIC conftest.cpp >&5
configure:12688: $? = 0
configure:12701: result: yes
configure:12724: checking if g++ static flag -static works
configure:12752: result: yes
configure:12764: checking if g++ supports -c -o file.o
configure:12785: g++ -c -g -O2  -o out/conftest2.o conftest.cpp >&5
configure:12789: $? = 0
configure:12811: result: yes
configure:12816: checking if g++ supports -c -o file.o
configure:12863: result: yes
configure:12893: checking whether the g++ linker (/usr/bin/ld) supports shared libraries
configure:12936: result: yes
configure:13077: checking dynamic linker characteristics
configure:13834: result: GNU/Linux ld.so
configure:13899: checking how to hardcode library paths into programs
configure:13924: result: immediate
configure:12795: checking for a sed that does not truncate output
configure:12859: result: /usr/bin/sed
configure:12919: checking for g++
configure:12935: found /usr/bin/g++
configure:12946: result: g++
configure:12971: checking for Objective C++ compiler version
configure:12980: g++ --version >&5
g++ (Ubuntu 9.4.0-1ubuntu1~20.04.1) 9.4.0
Copyright (C) 2019 Free Software Foundation, Inc.
This is free software; see the source for copying conditions.  There is NO
warranty; not even for MERCHANTABILITY or FITNESS FOR A PARTICULAR PURPOSE.

configure:12991: $? = 0
configure:12980: g++ -v >&5
Using built-in specs.
COLLECT_GCC=/usr/bin/g++
COLLECT_LTO_WRAPPER=/usr/lib/gcc/aarch64-linux-gnu/9/lto-wrapper
Target: aarch64-linux-gnu
Configured with: ../src/configure -v --with-pkgversion='Ubuntu 9.4.0-1ubuntu1~20.04.1' --with-bugurl=file:///usr/share/doc/gcc-9/README.Bugs --enable-languages=c,ada,c++,go,d,fortran,objc,obj-c++,gm2 --prefix=/usr --with-gcc-major-version-only --program-suffix=-9 --program-prefix=aarch64-linux-gnu- --enable-shared --enable-linker-build-id --libexecdir=/usr/lib --without-included-gettext --enable-threads=posix --libdir=/usr/lib --enable-nls --enable-clocale=gnu --enable-libstdcxx-debug --enable-libstdcxx-time=yes --with-default-libstdcxx-abi=new --enable-gnu-unique-object --disable-libquadmath --disable-libquadmath-support --enable-plugin --enable-default-pie --with-system-zlib --with-target-system-zlib=auto --enable-objc-gc=auto --enable-multiarch --enable-fix-cortex-a53-843419 --disable-werror --enable-checking=release --build=aarch64-linux-gnu --host=aarch64-linux-gnu --target=aarch64-linux-gnu
Thread model: posix
gcc version 9.4.0 (Ubuntu 9.4.0-1ubuntu1~20.04.1) 
configure:12991: $? = 0
configure:12980: g++ -V >&5
g++: error: unrecognized command line option '-V'
g++: fatal error: no input files
compilation terminated.
configure:12991: $? = 1
configure:12980: g++ -qversion >&5
g++: error: unrecognized command line option '-qversion'; did you mean '--version'?
g++: fatal error: no input files
compilation terminated.
configure:12991: $? = 1
configure:12995: checking whether we are using the GNU Objective C++ compiler
configure:13014: g++ -c   conftest.mm >&5
g++: fatal error: cannot execute 'cc1objplus': execvp: No such file or directory
compilation terminated.
configure:13014: $? = 1
configure: failed program was:
| /* confdefs.h */
| #define PACKAGE_NAME "love"
| #define PACKAGE_TARNAME "love"
| #define PACKAGE_VERSION "HEAD"
| #define PACKAGE_STRING "love HEAD"
| #define PACKAGE_BUGREPORT ""
| #define PACKAGE_URL ""
| #define PACKAGE "love"
| #define VERSION "HEAD"
| #define STDC_HEADERS 1
| #define HAVE_SYS_TYPES_H 1
| #define HAVE_SYS_STAT_H 1
| #define HAVE_STDLIB_H 1
| #define HAVE_STRING_H 1
| #define HAVE_MEMORY_H 1
| #define HAVE_STRINGS_H 1
| #define HAVE_INTTYPES_H 1
| #define HAVE_STDINT_H 1
| #define HAVE_UNISTD_H 1
| #define HAVE_DLFCN_H 1
| #define LT_OBJDIR ".libs/"
| /* end confdefs.h.  */
| 
| int
| main ()
| {
| #ifndef __GNUC__
|        choke me
| #endif
| 
|   ;
|   return 0;
| }
configure:13023: result: no
configure:13032: checking whether g++ accepts -g
configure:13052: g++ -c -g  conftest.mm >&5
g++: fatal error: cannot execute 'cc1objplus': execvp: No such file or directory
compilation terminated.
configure:13052: $? = 1
configure: failed program was:
| /* confdefs.h */
| #define PACKAGE_NAME "love"
| #define PACKAGE_TARNAME "love"
| #define PACKAGE_VERSION "HEAD"
| #define PACKAGE_STRING "love HEAD"
| #define PACKAGE_BUGREPORT ""
| #define PACKAGE_URL ""
| #define PACKAGE "love"
| #define VERSION "HEAD"
| #define STDC_HEADERS 1
| #define HAVE_SYS_TYPES_H 1
| #define HAVE_SYS_STAT_H 1
| #define HAVE_STDLIB_H 1
| #define HAVE_STRING_H 1
| #define HAVE_MEMORY_H 1
| #define HAVE_STRINGS_H 1
| #define HAVE_INTTYPES_H 1
| #define HAVE_STDINT_H 1
| #define HAVE_UNISTD_H 1
| #define HAVE_DLFCN_H 1
| #define LT_OBJDIR ".libs/"
| /* end confdefs.h.  */
| 
| int
| main ()
| {
| 
|   ;
|   return 0;
| }
configure:13067: g++ -c   conftest.mm >&5
g++: fatal error: cannot execute 'cc1objplus': execvp: No such file or directory
compilation terminated.
configure:13067: $? = 1
configure: failed program was:
| /* confdefs.h */
| #define PACKAGE_NAME "love"
| #define PACKAGE_TARNAME "love"
| #define PACKAGE_VERSION "HEAD"
| #define PACKAGE_STRING "love HEAD"
| #define PACKAGE_BUGREPORT ""
| #define PACKAGE_URL ""
| #define PACKAGE "love"
| #define VERSION "HEAD"
| #define STDC_HEADERS 1
| #define HAVE_SYS_TYPES_H 1
| #define HAVE_SYS_STAT_H 1
| #define HAVE_STDLIB_H 1
| #define HAVE_STRING_H 1
| #define HAVE_MEMORY_H 1
| #define HAVE_STRINGS_H 1
| #define HAVE_INTTYPES_H 1
| #define HAVE_STDINT_H 1
| #define HAVE_UNISTD_H 1
| #define HAVE_DLFCN_H 1
| #define LT_OBJDIR ".libs/"
| /* end confdefs.h.  */
| 
| int
| main ()
| {
| 
|   ;
|   return 0;
| }
configure:13083: g++ -c -g  conftest.mm >&5
g++: fatal error: cannot execute 'cc1objplus': execvp: No such file or directory
compilation terminated.
configure:13083: $? = 1
configure: failed program was:
| /* confdefs.h */
| #define PACKAGE_NAME "love"
| #define PACKAGE_TARNAME "love"
| #define PACKAGE_VERSION "HEAD"
| #define PACKAGE_STRING "love HEAD"
| #define PACKAGE_BUGREPORT ""
| #define PACKAGE_URL ""
| #define PACKAGE "love"
| #define VERSION "HEAD"
| #define STDC_HEADERS 1
| #define HAVE_SYS_TYPES_H 1
| #define HAVE_SYS_STAT_H 1
| #define HAVE_STDLIB_H 1
| #define HAVE_STRING_H 1
| #define HAVE_MEMORY_H 1
| #define HAVE_STRINGS_H 1
| #define HAVE_INTTYPES_H 1
| #define HAVE_STDINT_H 1
| #define HAVE_UNISTD_H 1
| #define HAVE_DLFCN_H 1
| #define LT_OBJDIR ".libs/"
| /* end confdefs.h.  */
| 
| int
| main ()
| {
| 
|   ;
|   return 0;
| }
configure:13093: result: no
configure:13118: checking dependency style of g++
configure:13227: result: gcc3
configure:13242: checking whether byte ordering is bigendian
configure:13257: gcc -c -g -O2  conftest.c >&5
conftest.c:24:9: error: unknown type name 'not'
   24 |         not a universal capable compiler
      |         ^~~
conftest.c:24:15: error: expected '=', ',', ';', 'asm' or '__attribute__' before 'universal'
   24 |         not a universal capable compiler
      |               ^~~~~~~~~
conftest.c:24:15: error: unknown type name 'universal'
configure:13257: $? = 1
configure: failed program was:
| /* confdefs.h */
| #define PACKAGE_NAME "love"
| #define PACKAGE_TARNAME "love"
| #define PACKAGE_VERSION "HEAD"
| #define PACKAGE_STRING "love HEAD"
| #define PACKAGE_BUGREPORT ""
| #define PACKAGE_URL ""
| #define PACKAGE "love"
| #define VERSION "HEAD"
| #define STDC_HEADERS 1
| #define HAVE_SYS_TYPES_H 1
| #define HAVE_SYS_STAT_H 1
| #define HAVE_STDLIB_H 1
| #define HAVE_STRING_H 1
| #define HAVE_MEMORY_H 1
| #define HAVE_STRINGS_H 1
| #define HAVE_INTTYPES_H 1
| #define HAVE_STDINT_H 1
| #define HAVE_UNISTD_H 1
| #define HAVE_DLFCN_H 1
| #define LT_OBJDIR ".libs/"
| /* end confdefs.h.  */
| #ifndef __APPLE_CC__
| 	       not a universal capable compiler
| 	     #endif
| 	     typedef int dummy;
| 
configure:13302: gcc -c -g -O2  conftest.c >&5
configure:13302: $? = 0
configure:13320: gcc -c -g -O2  conftest.c >&5
conftest.c: In function 'main':
conftest.c:30:4: error: unknown type name 'not'; did you mean 'ino_t'?
   30 |    not big endian
      |    ^~~
      |    ino_t
conftest.c:30:12: error: expected '=', ',', ';', 'asm' or '__attribute__' before 'endian'
   30 |    not big endian
      |            ^~~~~~
configure:13320: $? = 1
configure: failed program was:
| /* confdefs.h */
| #define PACKAGE_NAME "love"
| #define PACKAGE_TARNAME "love"
| #define PACKAGE_VERSION "HEAD"
| #define PACKAGE_STRING "love HEAD"
| #define PACKAGE_BUGREPORT ""
| #define PACKAGE_URL ""
| #define PACKAGE "love"
| #define VERSION "HEAD"
| #define STDC_HEADERS 1
| #define HAVE_SYS_TYPES_H 1
| #define HAVE_SYS_STAT_H 1
| #define HAVE_STDLIB_H 1
| #define HAVE_STRING_H 1
| #define HAVE_MEMORY_H 1
| #define HAVE_STRINGS_H 1
| #define HAVE_INTTYPES_H 1
| #define HAVE_STDINT_H 1
| #define HAVE_UNISTD_H 1
| #define HAVE_DLFCN_H 1
| #define LT_OBJDIR ".libs/"
| /* end confdefs.h.  */
| #include <sys/types.h>
| 		#include <sys/param.h>
| 
| int
| main ()
| {
| #if BYTE_ORDER != BIG_ENDIAN
| 		 not big endian
| 		#endif
| 
|   ;
|   return 0;
| }
configure:13448: result: no
configure:13484: checking whether g++ supports flag -std=c++0x
configure:13497: g++ -c -std=c++0x  conftest.cpp >&5
configure:13497: $? = 0
configure:13498: result: yes
configure:13509: checking whether g++ supports flag -std=c++11
configure:13522: g++ -c -std=c++11  conftest.cpp >&5
configure:13522: $? = 0
configure:13523: result: yes
configure:13629: checking for pkg-config
configure:13647: found /usr/bin/pkg-config
configure:13659: result: /usr/bin/pkg-config
configure:13684: checking pkg-config is at least version 0.9.0
configure:13687: result: yes
configure:13733: checking for SDL
configure:13740: $PKG_CONFIG --exists --print-errors "sdl2 >= $min_sdl_version"
configure:13743: $? = 0
configure:13757: $PKG_CONFIG --exists --print-errors "sdl2 >= $min_sdl_version"
configure:13760: $? = 0
configure:13798: result: yes
configure:14051: checking for lua
configure:14058: $PKG_CONFIG --exists --print-errors "${with_lua}${with_luaversion}"
configure:14061: $? = 0
configure:14075: $PKG_CONFIG --exists --print-errors "${with_lua}${with_luaversion}"
configure:14078: $? = 0
configure:14256: result: yes
configure:14262: checking for freetype2
configure:14269: $PKG_CONFIG --exists --print-errors "freetype2"
configure:14272: $? = 0
configure:14286: $PKG_CONFIG --exists --print-errors "freetype2"
configure:14289: $? = 0
configure:14327: result: yes
configure:14333: checking for openal
configure:14340: $PKG_CONFIG --exists --print-errors "openal"
configure:14343: $? = 0
configure:14357: $PKG_CONFIG --exists --print-errors "openal"
configure:14360: $? = 0
configure:14398: result: yes
configure:14404: checking for devil
configure:14411: $PKG_CONFIG --exists --print-errors "IL"
configure:14414: $? = 0
configure:14428: $PKG_CONFIG --exists --print-errors "IL"
configure:14431: $? = 0
configure:14469: result: yes
configure:14475: checking for libmodplug
configure:14482: $PKG_CONFIG --exists --print-errors "libmodplug"
configure:14485: $? = 0
configure:14499: $PKG_CONFIG --exists --print-errors "libmodplug"
configure:14502: $? = 0
configure:14540: result: yes
configure:14546: checking for vorbisfile
configure:14553: $PKG_CONFIG --exists --print-errors "vorbisfile"
configure:14556: $? = 0
configure:14570: $PKG_CONFIG --exists --print-errors "vorbisfile"
configure:14573: $? = 0
configure:14611: result: yes
configure:14617: checking for library containing sqrt
configure:14648: g++ -o conftest -g -O2 -std=c++11   conftest.cpp  >&5
conftest.cpp:30:6: warning: declaration of 'char sqrt()' conflicts with built-in declaration 'double sqrt(double)' [-Wbuiltin-declaration-mismatch]
   30 | char sqrt ();
      |      ^~~~
configure:14648: $? = 0
configure:14665: result: none required
configure:14675: checking for library containing PHYSFS_init
configure:14706: g++ -o conftest -g -O2 -std=c++11   conftest.cpp  >&5
/usr/bin/ld: /tmp/ccFQNUGI.o: in function `main':
/root/love2d/bartbes-love-experiments-37d61bfd4b38/conftest.cpp:34: undefined reference to `PHYSFS_init'
collect2: error: ld returned 1 exit status
configure:14706: $? = 1
configure: failed program was:
| /* confdefs.h */
| #define PACKAGE_NAME "love"
| #define PACKAGE_TARNAME "love"
| #define PACKAGE_VERSION "HEAD"
| #define PACKAGE_STRING "love HEAD"
| #define PACKAGE_BUGREPORT ""
| #define PACKAGE_URL ""
| #define PACKAGE "love"
| #define VERSION "HEAD"
| #define STDC_HEADERS 1
| #define HAVE_SYS_TYPES_H 1
| #define HAVE_SYS_STAT_H 1
| #define HAVE_STDLIB_H 1
| #define HAVE_STRING_H 1
| #define HAVE_MEMORY_H 1
| #define HAVE_STRINGS_H 1
| #define HAVE_INTTYPES_H 1
| #define HAVE_STDINT_H 1
| #define HAVE_UNISTD_H 1
| #define HAVE_DLFCN_H 1
| #define LT_OBJDIR ".libs/"
| /* end confdefs.h.  */
| 
| /* Override any GCC internal prototype to avoid an error.
|    Use char because int might match the return type of a GCC
|    builtin and then its argument prototype would still apply.  */
| #ifdef __cplusplus
| extern "C"
| #endif
| char PHYSFS_init ();
| int
| main ()
| {
| return PHYSFS_init ();
|   ;
|   return 0;
| }
configure:14706: g++ -o conftest -g -O2 -std=c++11   conftest.cpp -lphysfs   >&5
configure:14706: $? = 0
configure:14723: result: -lphysfs
configure:14733: checking for library containing glViewport
configure:14764: g++ -o conftest -g -O2 -std=c++11   conftest.cpp -lphysfs  >&5
/usr/bin/ld: /tmp/ccCU9fjZ.o: in function `main':
/root/love2d/bartbes-love-experiments-37d61bfd4b38/conftest.cpp:34: undefined reference to `glViewport'
collect2: error: ld returned 1 exit status
configure:14764: $? = 1
configure: failed program was:
| /* confdefs.h */
| #define PACKAGE_NAME "love"
| #define PACKAGE_TARNAME "love"
| #define PACKAGE_VERSION "HEAD"
| #define PACKAGE_STRING "love HEAD"
| #define PACKAGE_BUGREPORT ""
| #define PACKAGE_URL ""
| #define PACKAGE "love"
| #define VERSION "HEAD"
| #define STDC_HEADERS 1
| #define HAVE_SYS_TYPES_H 1
| #define HAVE_SYS_STAT_H 1
| #define HAVE_STDLIB_H 1
| #define HAVE_STRING_H 1
| #define HAVE_MEMORY_H 1
| #define HAVE_STRINGS_H 1
| #define HAVE_INTTYPES_H 1
| #define HAVE_STDINT_H 1
| #define HAVE_UNISTD_H 1
| #define HAVE_DLFCN_H 1
| #define LT_OBJDIR ".libs/"
| /* end confdefs.h.  */
| 
| /* Override any GCC internal prototype to avoid an error.
|    Use char because int might match the return type of a GCC
|    builtin and then its argument prototype would still apply.  */
| #ifdef __cplusplus
| extern "C"
| #endif
| char glViewport ();
| int
| main ()
| {
| return glViewport ();
|   ;
|   return 0;
| }
configure:14764: g++ -o conftest -g -O2 -std=c++11   conftest.cpp -lGLESv2  -lphysfs  >&5
configure:14764: $? = 0
configure:14781: result: -lGLESv2
configure:14803: checking for library containing lua_pcall
configure:14805: result: -llua5.1
configure:14912: checking for library containing mpg123_open_feed
configure:14943: g++ -o conftest -g -O2 -std=c++11   conftest.cpp -lGLESv2 -lphysfs  >&5
/usr/bin/ld: /tmp/ccjFXBUj.o: in function `main':
/root/love2d/bartbes-love-experiments-37d61bfd4b38/conftest.cpp:34: undefined reference to `mpg123_open_feed'
collect2: error: ld returned 1 exit status
configure:14943: $? = 1
configure: failed program was:
| /* confdefs.h */
| #define PACKAGE_NAME "love"
| #define PACKAGE_TARNAME "love"
| #define PACKAGE_VERSION "HEAD"
| #define PACKAGE_STRING "love HEAD"
| #define PACKAGE_BUGREPORT ""
| #define PACKAGE_URL ""
| #define PACKAGE "love"
| #define VERSION "HEAD"
| #define STDC_HEADERS 1
| #define HAVE_SYS_TYPES_H 1
| #define HAVE_SYS_STAT_H 1
| #define HAVE_STDLIB_H 1
| #define HAVE_STRING_H 1
| #define HAVE_MEMORY_H 1
| #define HAVE_STRINGS_H 1
| #define HAVE_INTTYPES_H 1
| #define HAVE_STDINT_H 1
| #define HAVE_UNISTD_H 1
| #define HAVE_DLFCN_H 1
| #define LT_OBJDIR ".libs/"
| /* end confdefs.h.  */
| 
| /* Override any GCC internal prototype to avoid an error.
|    Use char because int might match the return type of a GCC
|    builtin and then its argument prototype would still apply.  */
| #ifdef __cplusplus
| extern "C"
| #endif
| char mpg123_open_feed ();
| int
| main ()
| {
| return mpg123_open_feed ();
|   ;
|   return 0;
| }
configure:14943: g++ -o conftest -g -O2 -std=c++11   conftest.cpp -lmpg123  -lGLESv2 -lphysfs  >&5
configure:14943: $? = 0
configure:14960: result: -lmpg123
configure:14970: checking for library containing mpg123_seek_64
configure:15001: g++ -o conftest -g -O2 -std=c++11   conftest.cpp -lmpg123 -lGLESv2 -lphysfs  >&5
configure:15001: $? = 0
configure:15018: result: none required
configure:15108: checking for socklen_t
configure:15108: g++ -c -g -O2 -std=c++11  conftest.cpp >&5
configure:15108: $? = 0
configure:15108: g++ -c -g -O2 -std=c++11  conftest.cpp >&5
conftest.cpp: In function 'int main()':
conftest.cpp:30:23: error: expected primary-expression before ')' token
   30 | if (sizeof ((socklen_t)))
      |                       ^
configure:15108: $? = 1
configure: failed program was:
| /* confdefs.h */
| #define PACKAGE_NAME "love"
| #define PACKAGE_TARNAME "love"
| #define PACKAGE_VERSION "HEAD"
| #define PACKAGE_STRING "love HEAD"
| #define PACKAGE_BUGREPORT ""
| #define PACKAGE_URL ""
| #define PACKAGE "love"
| #define VERSION "HEAD"
| #define STDC_HEADERS 1
| #define HAVE_SYS_TYPES_H 1
| #define HAVE_SYS_STAT_H 1
| #define HAVE_STDLIB_H 1
| #define HAVE_STRING_H 1
| #define HAVE_MEMORY_H 1
| #define HAVE_STRINGS_H 1
| #define HAVE_INTTYPES_H 1
| #define HAVE_STDINT_H 1
| #define HAVE_UNISTD_H 1
| #define HAVE_DLFCN_H 1
| #define LT_OBJDIR ".libs/"
| /* end confdefs.h.  */
| #include <sys/types.h>
|               #include <sys/socket.h>
| 
| 
| int
| main ()
| {
| if (sizeof ((socklen_t)))
| 	    return 0;
|   ;
|   return 0;
| }
configure:15108: result: yes
configure:15167: checking for lua5.1
configure:15183: found /usr/bin/lua5.1
configure:15194: result: lua5.1
configure:16203: checking that generated files are newer than configure
configure:16209: result: done
configure:16425: creating ./config.status

## ---------------------- ##
## Running config.status. ##
## ---------------------- ##

This file was extended by love config.status HEAD, which was
generated by GNU Autoconf 2.69.  Invocation command line was

  CONFIG_FILES    = 
  CONFIG_HEADERS  = 
  CONFIG_LINKS    = 
  CONFIG_COMMANDS = 
  $ ./config.status 

on Cebion-Boss

config.status:1310: creating Makefile
config.status:1310: creating src/Makefile
config.status:1310: creating platform/unix/debian/control
config.status:1310: creating platform/unix/debian/changelog
config.status:1310: creating platform/unix/debian/rules
config.status:1310: creating config.h
config.status:1491: config.h is unchanged
config.status:1539: executing depfiles commands
config.status:1616: cd src       && sed -e '/# am--include-marker/d' Makefile         | make -f - am--depfiles
make: Nothing to be done for 'am--depfiles'.
config.status:1621: $? = 0
config.status:1539: executing libtool commands

## ---------------- ##
## Cache variables. ##
## ---------------- ##

ac_cv_build=aarch64-unknown-linux-gnu
ac_cv_c_bigendian=no
ac_cv_c_compiler_gnu=yes
ac_cv_cxx_compiler_gnu=yes
ac_cv_env_CCC_set=
ac_cv_env_CCC_value=
ac_cv_env_CC_set=
ac_cv_env_CC_value=
ac_cv_env_CFLAGS_set=
ac_cv_env_CFLAGS_value=
ac_cv_env_CPPFLAGS_set=
ac_cv_env_CPPFLAGS_value=
ac_cv_env_CPP_set=
ac_cv_env_CPP_value=
ac_cv_env_CXXCPP_set=
ac_cv_env_CXXCPP_value=
ac_cv_env_CXXFLAGS_set=
ac_cv_env_CXXFLAGS_value=
ac_cv_env_CXX_set=
ac_cv_env_CXX_value=
ac_cv_env_LDFLAGS_set=
ac_cv_env_LDFLAGS_value=
ac_cv_env_LIBS_set=
ac_cv_env_LIBS_value=
ac_cv_env_LT_SYS_LIBRARY_PATH_set=
ac_cv_env_LT_SYS_LIBRARY_PATH_value=
ac_cv_env_OBJCXXFLAGS_set=
ac_cv_env_OBJCXXFLAGS_value=
ac_cv_env_OBJCXX_set=
ac_cv_env_OBJCXX_value=
ac_cv_env_PKG_CONFIG_LIBDIR_set=
ac_cv_env_PKG_CONFIG_LIBDIR_value=
ac_cv_env_PKG_CONFIG_PATH_set=
ac_cv_env_PKG_CONFIG_PATH_value=
ac_cv_env_PKG_CONFIG_set=
ac_cv_env_PKG_CONFIG_value=
ac_cv_env_SDL2_FRAMEWORK_set=
ac_cv_env_SDL2_FRAMEWORK_value=
ac_cv_env_SDL_CFLAGS_set=
ac_cv_env_SDL_CFLAGS_value=
ac_cv_env_SDL_LIBS_set=
ac_cv_env_SDL_LIBS_value=
ac_cv_env_build_alias_set=
ac_cv_env_build_alias_value=
ac_cv_env_devil_CFLAGS_set=
ac_cv_env_devil_CFLAGS_value=
ac_cv_env_devil_LIBS_set=
ac_cv_env_devil_LIBS_value=
ac_cv_env_freetype2_CFLAGS_set=
ac_cv_env_freetype2_CFLAGS_value=
ac_cv_env_freetype2_LIBS_set=
ac_cv_env_freetype2_LIBS_value=
ac_cv_env_host_alias_set=
ac_cv_env_host_alias_value=
ac_cv_env_libmodplug_CFLAGS_set=
ac_cv_env_libmodplug_CFLAGS_value=
ac_cv_env_libmodplug_LIBS_set=
ac_cv_env_libmodplug_LIBS_value=
ac_cv_env_lua_CFLAGS_set=
ac_cv_env_lua_CFLAGS_value=
ac_cv_env_lua_LIBS_set=
ac_cv_env_lua_LIBS_value=
ac_cv_env_openal_CFLAGS_set=
ac_cv_env_openal_CFLAGS_value=
ac_cv_env_openal_LIBS_set=
ac_cv_env_openal_LIBS_value=
ac_cv_env_target_alias_set=
ac_cv_env_target_alias_value=
ac_cv_env_vorbisfile_CFLAGS_set=
ac_cv_env_vorbisfile_CFLAGS_value=
ac_cv_env_vorbisfile_LIBS_set=
ac_cv_env_vorbisfile_LIBS_value=
ac_cv_header_dlfcn_h=yes
ac_cv_header_inttypes_h=yes
ac_cv_header_memory_h=yes
ac_cv_header_stdc=yes
ac_cv_header_stdint_h=yes
ac_cv_header_stdlib_h=yes
ac_cv_header_string_h=yes
ac_cv_header_strings_h=yes
ac_cv_header_sys_stat_h=yes
ac_cv_header_sys_types_h=yes
ac_cv_header_unistd_h=yes
ac_cv_host=aarch64-unknown-linux-gnu
ac_cv_objcxx_compiler_gnu=no
ac_cv_objext=o
ac_cv_path_EGREP='/usr/bin/grep -E'
ac_cv_path_FGREP='/usr/bin/grep -F'
ac_cv_path_GREP=/usr/bin/grep
ac_cv_path_SED=/usr/bin/sed
ac_cv_path_ac_pt_PKG_CONFIG=/usr/bin/pkg-config
ac_cv_path_install='/usr/bin/install -c'
ac_cv_path_lt_DD=/usr/bin/dd
ac_cv_path_mkdir=/usr/bin/mkdir
ac_cv_prog_AWK=gawk
ac_cv_prog_CPP='gcc -E'
ac_cv_prog_CXXCPP='g++ -E'
ac_cv_prog_LUA_EXECUTABLE=lua5.1
ac_cv_prog_ac_ct_AR=ar
ac_cv_prog_ac_ct_CC=gcc
ac_cv_prog_ac_ct_CXX=g++
ac_cv_prog_ac_ct_MANIFEST_TOOL=mt
ac_cv_prog_ac_ct_OBJCXX=g++
ac_cv_prog_ac_ct_OBJDUMP=objdump
ac_cv_prog_ac_ct_RANLIB=ranlib
ac_cv_prog_ac_ct_STRIP=strip
ac_cv_prog_cc_c89=
ac_cv_prog_cc_g=yes
ac_cv_prog_cxx_g=yes
ac_cv_prog_make_make_set=yes
ac_cv_prog_objcxx_g=no
ac_cv_search_PHYSFS_init=-lphysfs
ac_cv_search_glViewport=-lGLESv2
ac_cv_search_mpg123_open_feed=-lmpg123
ac_cv_search_mpg123_seek_64='none required'
ac_cv_search_sqrt='none required'
ac_cv_type_socklen_t=yes
am_cv_CC_dependencies_compiler_type=gcc3
am_cv_CXX_dependencies_compiler_type=gcc3
am_cv_OBJCXX_dependencies_compiler_type=gcc3
am_cv_ar_interface=ar
am_cv_make_support_nested_variables=yes
am_cv_prog_cc_c_o=yes
am_cv_prog_tar_ustar=gnutar
lt_cv_ar_at_file=@
lt_cv_archive_cmds_need_lc=no
lt_cv_deplibs_check_method=pass_all
lt_cv_file_magic_cmd='$MAGIC_CMD'
lt_cv_file_magic_test_file=
lt_cv_ld_reload_flag=-r
lt_cv_nm_interface='BSD nm'
lt_cv_objdir=.libs
lt_cv_path_LD=/usr/bin/ld
lt_cv_path_LDCXX=/usr/bin/ld
lt_cv_path_NM='/usr/bin/nm -B'
lt_cv_path_mainfest_tool=no
lt_cv_prog_compiler_c_o=yes
lt_cv_prog_compiler_c_o_CXX=yes
lt_cv_prog_compiler_pic='-fPIC -DPIC'
lt_cv_prog_compiler_pic_CXX='-fPIC -DPIC'
lt_cv_prog_compiler_pic_works=yes
lt_cv_prog_compiler_pic_works_CXX=yes
lt_cv_prog_compiler_rtti_exceptions=no
lt_cv_prog_compiler_static_works=yes
lt_cv_prog_compiler_static_works_CXX=yes
lt_cv_prog_gnu_ld=yes
lt_cv_prog_gnu_ldcxx=yes
lt_cv_sharedlib_from_linklib_cmd='printf %s\n'
lt_cv_shlibpath_overrides_runpath=yes
lt_cv_sys_global_symbol_pipe='sed -n -e '\''s/^.*[	 ]\([ABCDGIRSTW][ABCDGIRSTW]*\)[	 ][	 ]*\([_A-Za-z][_A-Za-z0-9]*\)$/\1 \2 \2/p'\'' | sed '\''/ __gnu_lto/d'\'''
lt_cv_sys_global_symbol_to_c_name_address='sed -n -e '\''s/^: \(.*\) .*$/  {"\1", (void *) 0},/p'\'' -e '\''s/^[ABCDGIRSTW][ABCDGIRSTW]* .* \(.*\)$/  {"\1", (void *) \&\1},/p'\'''
lt_cv_sys_global_symbol_to_c_name_address_lib_prefix='sed -n -e '\''s/^: \(.*\) .*$/  {"\1", (void *) 0},/p'\'' -e '\''s/^[ABCDGIRSTW][ABCDGIRSTW]* .* \(lib.*\)$/  {"\1", (void *) \&\1},/p'\'' -e '\''s/^[ABCDGIRSTW][ABCDGIRSTW]* .* \(.*\)$/  {"lib\1", (void *) \&\1},/p'\'''
lt_cv_sys_global_symbol_to_cdecl='sed -n -e '\''s/^T .* \(.*\)$/extern int \1();/p'\'' -e '\''s/^[ABCDGIRSTW][ABCDGIRSTW]* .* \(.*\)$/extern char \1;/p'\'''
lt_cv_sys_global_symbol_to_import=
lt_cv_sys_max_cmd_len=1572864
lt_cv_to_host_file_cmd=func_convert_file_noop
lt_cv_to_tool_file_cmd=func_convert_file_noop
lt_cv_truncate_bin='/usr/bin/dd bs=4096 count=1'
pkg_cv_SDL_CFLAGS='-D_REENTRANT -I/usr/include/SDL2'
pkg_cv_SDL_LIBS=-lSDL2
pkg_cv_devil_CFLAGS=
pkg_cv_devil_LIBS=-lIL
pkg_cv_freetype2_CFLAGS='-I/usr/include/freetype2 -I/usr/include/libpng16'
pkg_cv_freetype2_LIBS=-lfreetype
pkg_cv_libmodplug_CFLAGS=
pkg_cv_libmodplug_LIBS=-lmodplug
pkg_cv_lua_CFLAGS=-I/usr/include/lua5.1
pkg_cv_lua_LIBS=-llua5.1
pkg_cv_openal_CFLAGS=-I/usr/include/AL
pkg_cv_openal_LIBS=-lopenal
pkg_cv_vorbisfile_CFLAGS=
pkg_cv_vorbisfile_LIBS=-lvorbisfile

## ----------------- ##
## Output variables. ##
## ----------------- ##

ACLOCAL='${SHELL} /root/love2d/bartbes-love-experiments-37d61bfd4b38/platform/unix/missing aclocal-1.16'
AMDEPBACKSLASH='\'
AMDEP_FALSE='#'
AMDEP_TRUE=''
AMTAR='$${TAR-tar}'
AM_BACKSLASH='\'
AM_DEFAULT_V='$(AM_DEFAULT_VERBOSITY)'
AM_DEFAULT_VERBOSITY='1'
AM_V='$(V)'
AR='ar'
AUTOCONF='${SHELL} /root/love2d/bartbes-love-experiments-37d61bfd4b38/platform/unix/missing autoconf'
AUTOHEADER='${SHELL} /root/love2d/bartbes-love-experiments-37d61bfd4b38/platform/unix/missing autoheader'
AUTOMAKE='${SHELL} /root/love2d/bartbes-love-experiments-37d61bfd4b38/platform/unix/missing automake-1.16'
AWK='gawk'
CC='gcc'
CCDEPMODE='depmode=gcc3'
CFLAGS='-g -O2'
CPP='gcc -E'
CPPFLAGS=''
CXX='g++'
CXXCPP='g++ -E'
CXXDEPMODE='depmode=gcc3'
CXXFLAGS='-g -O2 -std=c++11'
CYGPATH_W='echo'
DEFS='-DHAVE_CONFIG_H'
DEPDIR='.deps'
DLLTOOL='false'
DSYMUTIL=''
DUMPBIN=''
ECHO_C=''
ECHO_N='-n'
ECHO_T=''
EGREP='/usr/bin/grep -E'
EXEEXT=''
FGREP='/usr/bin/grep -F'
FILE_OFFSET='-D_FILE_OFFSET_BITS=64'
GREP='/usr/bin/grep'
INSTALL_DATA='${INSTALL} -m 644'
INSTALL_PROGRAM='${INSTALL}'
INSTALL_SCRIPT='${INSTALL}'
INSTALL_STRIP_PROGRAM='$(install_sh) -c -s'
LD='/usr/bin/ld'
LDFLAGS=''
LIBOBJS=''
LIBS='-lmpg123 -lGLESv2 -lphysfs '
LIBTOOL='$(SHELL) $(top_builddir)/libtool'
LIPO=''
LN_S='ln -s'
LOVE_BUILD_EXE_FALSE='#'
LOVE_BUILD_EXE_TRUE=''
LOVE_IMPLEMENTATION_AUDIO_NULL_FALSE='#'
LOVE_IMPLEMENTATION_AUDIO_NULL_TRUE=''
LOVE_IMPLEMENTATION_AUDIO_OPENAL_FALSE='#'
LOVE_IMPLEMENTATION_AUDIO_OPENAL_TRUE=''
LOVE_IMPLEMENTATION_EVENT_SDL_FALSE='#'
LOVE_IMPLEMENTATION_EVENT_SDL_TRUE=''
LOVE_IMPLEMENTATION_FILESYSTEM_PHYSFS_FALSE='#'
LOVE_IMPLEMENTATION_FILESYSTEM_PHYSFS_TRUE=''
LOVE_IMPLEMENTATION_FONT_FREETYPE_FALSE='#'
LOVE_IMPLEMENTATION_FONT_FREETYPE_TRUE=''
LOVE_IMPLEMENTATION_GRAPHICS_OPENGL_FALSE='#'
LOVE_IMPLEMENTATION_GRAPHICS_OPENGL_TRUE=''
LOVE_IMPLEMENTATION_IMAGE_MAGPIE_FALSE='#'
LOVE_IMPLEMENTATION_IMAGE_MAGPIE_TRUE=''
LOVE_IMPLEMENTATION_JOYSTICK_SDL_FALSE='#'
LOVE_IMPLEMENTATION_JOYSTICK_SDL_TRUE=''
LOVE_IMPLEMENTATION_KEYBOARD_SDL_FALSE='#'
LOVE_IMPLEMENTATION_KEYBOARD_SDL_TRUE=''
LOVE_IMPLEMENTATION_MOUSE_SDL_FALSE='#'
LOVE_IMPLEMENTATION_MOUSE_SDL_TRUE=''
LOVE_IMPLEMENTATION_PHYSICS_BOX2D_FALSE='#'
LOVE_IMPLEMENTATION_PHYSICS_BOX2D_TRUE=''
LOVE_IMPLEMENTATION_SOUND_LULLABY_FALSE='#'
LOVE_IMPLEMENTATION_SOUND_LULLABY_TRUE=''
LOVE_IMPLEMENTATION_SYSTEM_SDL_FALSE='#'
LOVE_IMPLEMENTATION_SYSTEM_SDL_TRUE=''
LOVE_IMPLEMENTATION_THREAD_SDL_FALSE='#'
LOVE_IMPLEMENTATION_THREAD_SDL_TRUE=''
LOVE_IMPLEMENTATION_TIMER_SDL_FALSE='#'
LOVE_IMPLEMENTATION_TIMER_SDL_TRUE=''
LOVE_IMPLEMENTATION_WINDOW_SDL_FALSE='#'
LOVE_IMPLEMENTATION_WINDOW_SDL_TRUE=''
LOVE_INCLUDES=''
LOVE_LIBRARY_BOX2D_FALSE='#'
LOVE_LIBRARY_BOX2D_TRUE=''
LOVE_LIBRARY_DDSPARSE_FALSE='#'
LOVE_LIBRARY_DDSPARSE_TRUE=''
LOVE_LIBRARY_ENET_FALSE='#'
LOVE_LIBRARY_ENET_TRUE=''
LOVE_LIBRARY_GLAD_FALSE='#'
LOVE_LIBRARY_GLAD_TRUE=''
LOVE_LIBRARY_LUASOCKET_FALSE='#'
LOVE_LIBRARY_LUASOCKET_TRUE=''
LOVE_LIBRARY_LUAUTF8_FALSE='#'
LOVE_LIBRARY_LUAUTF8_TRUE=''
LOVE_LIBRARY_NOISE1234_FALSE='#'
LOVE_LIBRARY_NOISE1234_TRUE=''
LOVE_LIBRARY_UTF8_FALSE='#'
LOVE_LIBRARY_UTF8_TRUE=''
LOVE_LIBRARY_WUFF_FALSE='#'
LOVE_LIBRARY_WUFF_TRUE=''
LOVE_MODULE_AUDIO_FALSE='#'
LOVE_MODULE_AUDIO_TRUE=''
LOVE_MODULE_EVENT_FALSE='#'
LOVE_MODULE_EVENT_TRUE=''
LOVE_MODULE_FILESYSTEM_FALSE='#'
LOVE_MODULE_FILESYSTEM_TRUE=''
LOVE_MODULE_FONT_FALSE='#'
LOVE_MODULE_FONT_TRUE=''
LOVE_MODULE_GRAPHICS_FALSE='#'
LOVE_MODULE_GRAPHICS_TRUE=''
LOVE_MODULE_IMAGE_FALSE='#'
LOVE_MODULE_IMAGE_TRUE=''
LOVE_MODULE_JOYSTICK_FALSE='#'
LOVE_MODULE_JOYSTICK_TRUE=''
LOVE_MODULE_KEYBOARD_FALSE='#'
LOVE_MODULE_KEYBOARD_TRUE=''
LOVE_MODULE_LOVE_FALSE='#'
LOVE_MODULE_LOVE_TRUE=''
LOVE_MODULE_MATH_FALSE='#'
LOVE_MODULE_MATH_TRUE=''
LOVE_MODULE_MOUSE_FALSE='#'
LOVE_MODULE_MOUSE_TRUE=''
LOVE_MODULE_PHYSICS_FALSE='#'
LOVE_MODULE_PHYSICS_TRUE=''
LOVE_MODULE_SOUND_FALSE='#'
LOVE_MODULE_SOUND_TRUE=''
LOVE_MODULE_SYSTEM_FALSE='#'
LOVE_MODULE_SYSTEM_TRUE=''
LOVE_MODULE_THREAD_FALSE='#'
LOVE_MODULE_THREAD_TRUE=''
LOVE_MODULE_TIMER_FALSE='#'
LOVE_MODULE_TIMER_TRUE=''
LOVE_MODULE_WINDOW_FALSE='#'
LOVE_MODULE_WINDOW_TRUE=''
LOVE_NOMPG123_FALSE=''
LOVE_NOMPG123_TRUE='#'
LOVE_SUFFIX=''
LOVE_TARGET_OSX_FALSE=''
LOVE_TARGET_OSX_TRUE='#'
LTLIBOBJS=''
LT_SYS_LIBRARY_PATH=''
LUA_EXECUTABLE='lua5.1'
MAKEINFO='${SHELL} /root/love2d/bartbes-love-experiments-37d61bfd4b38/platform/unix/missing makeinfo'
MANIFEST_TOOL=':'
MKDIR_P='/usr/bin/mkdir -p'
NM='/usr/bin/nm -B'
NMEDIT=''
OBJCXX='g++'
OBJCXXDEPMODE='depmode=gcc3'
OBJCXXFLAGS=''
OBJDUMP='objdump'
OBJEXT='o'
OTOOL64=''
OTOOL=''
PACKAGE='love'
PACKAGE_BUGREPORT=''
PACKAGE_NAME='love'
PACKAGE_STRING='love HEAD'
PACKAGE_TARNAME='love'
PACKAGE_URL=''
PACKAGE_VERSION='HEAD'
PATH_SEPARATOR=':'
PKG_CONFIG='/usr/bin/pkg-config'
PKG_CONFIG_LIBDIR=''
PKG_CONFIG_PATH=''
RANLIB='ranlib'
SDL2_CONFIG='pkg-config sdl2'
SDL2_FRAMEWORK=''
SDL_CFLAGS='-D_REENTRANT -I/usr/include/SDL2'
SDL_LIBS='-lSDL2'
SED='/usr/bin/sed'
SET_MAKE=''
SHELL='/bin/bash'
STRIP='strip'
VERSION='HEAD'
ac_ct_AR='ar'
ac_ct_CC='gcc'
ac_ct_CXX='g++'
ac_ct_DUMPBIN=''
ac_ct_OBJCXX='g++'
am__EXEEXT_FALSE=''
am__EXEEXT_TRUE='#'
am__fastdepCC_FALSE='#'
am__fastdepCC_TRUE=''
am__fastdepCXX_FALSE='#'
am__fastdepCXX_TRUE=''
am__fastdepOBJCXX_FALSE='#'
am__fastdepOBJCXX_TRUE=''
am__include='include'
am__isrc=''
am__leading_dot='.'
am__nodep='_no'
am__quote=''
am__tar='tar --format=ustar -chf - "$$tardir"'
am__untar='tar -xf -'
bindir='${exec_prefix}/bin'
build='aarch64-unknown-linux-gnu'
build_alias=''
build_cpu='aarch64'
build_os='linux-gnu'
build_vendor='unknown'
datadir='${datarootdir}'
datarootdir='${prefix}/share'
devil_CFLAGS=''
devil_LIBS='-lIL'
docdir='${datarootdir}/doc/${PACKAGE_TARNAME}'
dvidir='${docdir}'
exec_prefix='${prefix}'
freetype2_CFLAGS='-I/usr/include/freetype2 -I/usr/include/libpng16'
freetype2_LIBS='-lfreetype'
host='aarch64-unknown-linux-gnu'
host_alias=''
host_cpu='aarch64'
host_os='linux-gnu'
host_vendor='unknown'
htmldir='${docdir}'
includedir='${prefix}/include'
infodir='${datarootdir}/info'
install_sh='${SHELL} /root/love2d/bartbes-love-experiments-37d61bfd4b38/platform/unix/install-sh'
libdir='${exec_prefix}/lib'
libexecdir='${exec_prefix}/libexec'
libmodplug_CFLAGS=''
libmodplug_LIBS='-lmodplug'
localedir='${datarootdir}/locale'
localstatedir='${prefix}/var'
lua_CFLAGS='-I/usr/include/lua5.1'
lua_LIBS='-llua5.1'
mandir='${datarootdir}/man'
mkdir_p='$(MKDIR_P)'
oldincludedir='/usr/include'
openal_CFLAGS='-I/usr/include/AL'
openal_LIBS='-lopenal'
pdfdir='${docdir}'
prefix='/usr'
program_transform_name='s,x,x,'
psdir='${docdir}'
runstatedir='${localstatedir}/run'
sbindir='${exec_prefix}/sbin'
sharedstatedir='${prefix}/com'
sysconfdir='${prefix}/etc'
target_alias=''
vorbisfile_CFLAGS=''
vorbisfile_LIBS='-lvorbisfile'

## ----------- ##
## confdefs.h. ##
## ----------- ##

/* confdefs.h */
#define PACKAGE_NAME "love"
#define PACKAGE_TARNAME "love"
#define PACKAGE_VERSION "HEAD"
#define PACKAGE_STRING "love HEAD"
#define PACKAGE_BUGREPORT ""
#define PACKAGE_URL ""
#define PACKAGE "love"
#define VERSION "HEAD"
#define STDC_HEADERS 1
#define HAVE_SYS_TYPES_H 1
#define HAVE_SYS_STAT_H 1
#define HAVE_STDLIB_H 1
#define HAVE_STRING_H 1
#define HAVE_MEMORY_H 1
#define HAVE_STRINGS_H 1
#define HAVE_INTTYPES_H 1
#define HAVE_STDINT_H 1
#define HAVE_UNISTD_H 1
#define HAVE_DLFCN_H 1
#define LT_OBJDIR ".libs/"
#define HAS_SOCKLEN_T 1
#define LOVE_BUILD_EXE /**/
#define LOVE_ENABLE_AUDIO /**/
#define LOVE_ENABLE_AUDIO_NULL /**/
#define LOVE_ENABLE_AUDIO_OPENAL /**/
#define LOVE_ENABLE_EVENT /**/
#define LOVE_ENABLE_EVENT_SDL /**/
#define LOVE_ENABLE_FILESYSTEM /**/
#define LOVE_ENABLE_FILESYSTEM_PHYSFS /**/
#define LOVE_ENABLE_FONT /**/
#define LOVE_ENABLE_FONT_FREETYPE /**/
#define LOVE_ENABLE_GRAPHICS /**/
#define LOVE_ENABLE_GRAPHICS_OPENGL /**/
#define LOVE_ENABLE_IMAGE /**/
#define LOVE_ENABLE_IMAGE_MAGPIE /**/
#define LOVE_ENABLE_JOYSTICK /**/
#define LOVE_ENABLE_JOYSTICK_SDL /**/
#define LOVE_ENABLE_KEYBOARD /**/
#define LOVE_ENABLE_KEYBOARD_SDL /**/
#define LOVE_ENABLE_LOVE /**/
#define LOVE_ENABLE_MATH /**/
#define LOVE_ENABLE_MOUSE /**/
#define LOVE_ENABLE_MOUSE_SDL /**/
#define LOVE_ENABLE_PHYSICS /**/
#define LOVE_ENABLE_PHYSICS_BOX2D /**/
#define LOVE_ENABLE_SOUND /**/
#define LOVE_ENABLE_SOUND_LULLABY /**/
#define LOVE_ENABLE_SYSTEM /**/
#define LOVE_ENABLE_SYSTEM_SDL /**/
#define LOVE_ENABLE_THREAD /**/
#define LOVE_ENABLE_THREAD_SDL /**/
#define LOVE_ENABLE_TIMER /**/
#define LOVE_ENABLE_TIMER_SDL /**/
#define LOVE_ENABLE_WINDOW /**/
#define LOVE_ENABLE_WINDOW_SDL /**/
#define LOVE_ENABLE_BOX2D /**/
#define LOVE_ENABLE_WUFF /**/
#define LOVE_ENABLE_DDSPARSE /**/
#define LOVE_ENABLE_ENET /**/
#define LOVE_ENABLE_GLAD /**/
#define LOVE_ENABLE_LUASOCKET /**/
#define LOVE_ENABLE_LUAUTF8 /**/
#define LOVE_ENABLE_NOISE1234 /**/
#define LOVE_ENABLE_UTF8 /**/

configure: exit 0
